<?xml version="1.0" encoding="UTF-8"?>
<testng-results ignored="0" total="7" passed="7" failed="0" skipped="0">
  <reporter-output>
  </reporter-output>
  <suite started-at="2024-12-30T08:55:37 IST" name="Default suite" finished-at="2024-12-30T08:58:14 IST" duration-ms="157794">
    <groups>
      <group name="cucumber">
        <method signature="AbstractTestNGCucumberTests.runScenario(io.cucumber.testng.PickleWrapper,io.cucumber.testng.FeatureWrapper)[pri:0, instance:com.nobroker.runner.TestNGRunner@7d20d0b]" name="runScenario" class="io.cucumber.testng.AbstractTestNGCucumberTests"/>
      </group> <!-- cucumber -->
    </groups>
    <test started-at="2024-12-30T08:55:37 IST" name="Default test" finished-at="2024-12-30T08:58:14 IST" duration-ms="157794">
      <class name="com.nobroker.runner.TestNGRunner">
        <test-method is-config="true" signature="setUpClass(org.testng.ITestContext)[pri:0, instance:com.nobroker.runner.TestNGRunner@7d20d0b]" started-at="2024-12-30T08:55:37 IST" name="setUpClass" finished-at="2024-12-30T08:55:40 IST" duration-ms="2850" status="PASS">
          <params>
            <param index="0">
              <value>
                <![CDATA[org.testng.TestRunner@7a62d697]]>
              </value>
            </param>
          </params>
          <reporter-output>
          </reporter-output>
        </test-method> <!-- setUpClass -->
        <test-method signature="runScenario(io.cucumber.testng.PickleWrapper,io.cucumber.testng.FeatureWrapper)[pri:0, instance:com.nobroker.runner.TestNGRunner@7d20d0b]" started-at="2024-12-30T08:55:40 IST" name="runScenario" description="Runs Cucumber Scenarios" data-provider="scenarios" finished-at="2024-12-30T08:56:01 IST" duration-ms="21059" status="PASS">
          <params>
            <param index="0">
              <value>
                <![CDATA["Testing UI for Commercial page"]]>
              </value>
            </param>
            <param index="1">
              <value>
                <![CDATA["Commercial Functional Testing"]]>
              </value>
            </param>
          </params>
          <reporter-output>
          </reporter-output>
        </test-method> <!-- runScenario -->
        <test-method signature="runScenario(io.cucumber.testng.PickleWrapper,io.cucumber.testng.FeatureWrapper)[pri:0, instance:com.nobroker.runner.TestNGRunner@7d20d0b]" started-at="2024-12-30T08:56:01 IST" name="runScenario" description="Runs Cucumber Scenarios" data-provider="scenarios" finished-at="2024-12-30T08:56:23 IST" duration-ms="22514" status="PASS">
          <params>
            <param index="0">
              <value>
                <![CDATA["Testing commercial with valid inputs"]]>
              </value>
            </param>
            <param index="1">
              <value>
                <![CDATA["Commercial Functional Testing"]]>
              </value>
            </param>
          </params>
          <reporter-output>
          </reporter-output>
        </test-method> <!-- runScenario -->
        <test-method signature="runScenario(io.cucumber.testng.PickleWrapper,io.cucumber.testng.FeatureWrapper)[pri:0, instance:com.nobroker.runner.TestNGRunner@7d20d0b]" started-at="2024-12-30T08:56:23 IST" name="runScenario" description="Runs Cucumber Scenarios" data-provider="scenarios" finished-at="2024-12-30T08:56:54 IST" duration-ms="30518" status="PASS">
          <params>
            <param index="0">
              <value>
                <![CDATA["Testing commercial metro option"]]>
              </value>
            </param>
            <param index="1">
              <value>
                <![CDATA["Commercial Functional Testing"]]>
              </value>
            </param>
          </params>
          <reporter-output>
          </reporter-output>
        </test-method> <!-- runScenario -->
        <test-method signature="runScenario(io.cucumber.testng.PickleWrapper,io.cucumber.testng.FeatureWrapper)[pri:0, instance:com.nobroker.runner.TestNGRunner@7d20d0b]" started-at="2024-12-30T08:56:54 IST" name="runScenario" description="Runs Cucumber Scenarios" data-provider="scenarios" finished-at="2024-12-30T08:57:14 IST" duration-ms="20077" status="PASS">
          <params>
            <param index="0">
              <value>
                <![CDATA["Testing search button"]]>
              </value>
            </param>
            <param index="1">
              <value>
                <![CDATA["Commercial Functional Testing"]]>
              </value>
            </param>
          </params>
          <reporter-output>
          </reporter-output>
        </test-method> <!-- runScenario -->
        <test-method signature="runScenario(io.cucumber.testng.PickleWrapper,io.cucumber.testng.FeatureWrapper)[pri:0, instance:com.nobroker.runner.TestNGRunner@7d20d0b]" started-at="2024-12-30T08:57:14 IST" name="runScenario" description="Runs Cucumber Scenarios" data-provider="scenarios" finished-at="2024-12-30T08:57:29 IST" duration-ms="15702" status="PASS">
          <params>
            <param index="0">
              <value>
                <![CDATA["Testing commercial with invalid inputs"]]>
              </value>
            </param>
            <param index="1">
              <value>
                <![CDATA["Commercial Functional Testing"]]>
              </value>
            </param>
          </params>
          <reporter-output>
          </reporter-output>
        </test-method> <!-- runScenario -->
        <test-method signature="runScenario(io.cucumber.testng.PickleWrapper,io.cucumber.testng.FeatureWrapper)[pri:0, instance:com.nobroker.runner.TestNGRunner@7d20d0b]" started-at="2024-12-30T08:57:29 IST" name="runScenario" description="Runs Cucumber Scenarios" data-provider="scenarios" finished-at="2024-12-30T08:57:51 IST" duration-ms="21520" status="PASS">
          <params>
            <param index="0">
              <value>
                <![CDATA["Testing for Different Locations"]]>
              </value>
            </param>
            <param index="1">
              <value>
                <![CDATA["Commercial Functional Testing"]]>
              </value>
            </param>
          </params>
          <reporter-output>
          </reporter-output>
        </test-method> <!-- runScenario -->
        <test-method signature="runScenario(io.cucumber.testng.PickleWrapper,io.cucumber.testng.FeatureWrapper)[pri:0, instance:com.nobroker.runner.TestNGRunner@7d20d0b]" started-at="2024-12-30T08:57:51 IST" name="runScenario" description="Runs Cucumber Scenarios" data-provider="scenarios" finished-at="2024-12-30T08:58:13 IST" duration-ms="22505" status="PASS">
          <params>
            <param index="0">
              <value>
                <![CDATA["Testing for Different Locations"]]>
              </value>
            </param>
            <param index="1">
              <value>
                <![CDATA["Commercial Functional Testing"]]>
              </value>
            </param>
          </params>
          <reporter-output>
          </reporter-output>
        </test-method> <!-- runScenario -->
        <test-method is-config="true" signature="tearDownClass()[pri:0, instance:com.nobroker.runner.TestNGRunner@7d20d0b]" started-at="2024-12-30T08:58:13 IST" name="tearDownClass" finished-at="2024-12-30T08:58:14 IST" duration-ms="948" status="PASS">
          <reporter-output>
          </reporter-output>
        </test-method> <!-- tearDownClass -->
      </class> <!-- com.nobroker.runner.TestNGRunner -->
    </test> <!-- Default test -->
  </suite> <!-- Default suite -->
</testng-results>
